{"E:\\vscode\\phattrienungdung\\internflowwindow\\phattrienungdungnhom7-monorepo\\internflow-be\\src\\services\\intern.service.ts": {"path":"E:\\vscode\\phattrienungdung\\internflowwindow\\phattrienungdungnhom7-monorepo\\internflow-be\\src\\services\\intern.service.ts","statementMap":{"0":{"start":{"line":6,"column":33},"end":{"line":27,"column":null}},"1":{"start":{"line":7,"column":14},"end":{"line":7,"column":null}},"2":{"start":{"line":8,"column":20},"end":{"line":8,"column":null}},"3":{"start":{"line":10,"column":2},"end":{"line":12,"column":null}},"4":{"start":{"line":11,"column":4},"end":{"line":11,"column":null}},"5":{"start":{"line":14,"column":2},"end":{"line":16,"column":null}},"6":{"start":{"line":15,"column":4},"end":{"line":15,"column":null}},"7":{"start":{"line":18,"column":2},"end":{"line":20,"column":null}},"8":{"start":{"line":19,"column":4},"end":{"line":19,"column":null}},"9":{"start":{"line":22,"column":2},"end":{"line":24,"column":null}},"10":{"start":{"line":23,"column":4},"end":{"line":23,"column":null}},"11":{"start":{"line":26,"column":2},"end":{"line":26,"column":null}},"12":{"start":{"line":32,"column":29},"end":{"line":172,"column":null}},"13":{"start":{"line":35,"column":24},"end":{"line":35,"column":null}},"14":{"start":{"line":36,"column":29},"end":{"line":38,"column":null}},"15":{"start":{"line":39,"column":4},"end":{"line":39,"column":null}},"16":{"start":{"line":49,"column":19},"end":{"line":49,"column":null}},"17":{"start":{"line":50,"column":4},"end":{"line":52,"column":null}},"18":{"start":{"line":51,"column":6},"end":{"line":51,"column":null}},"19":{"start":{"line":54,"column":18},"end":{"line":54,"column":null}},"20":{"start":{"line":55,"column":16},"end":{"line":55,"column":null}},"21":{"start":{"line":57,"column":24},"end":{"line":57,"column":null}},"22":{"start":{"line":58,"column":28},"end":{"line":58,"column":null}},"23":{"start":{"line":58,"column":51},"end":{"line":58,"column":73}},"24":{"start":{"line":59,"column":26},"end":{"line":61,"column":null}},"25":{"start":{"line":60,"column":6},"end":{"line":60,"column":null}},"26":{"start":{"line":62,"column":28},"end":{"line":62,"column":null}},"27":{"start":{"line":62,"column":56},"end":{"line":62,"column":83}},"28":{"start":{"line":64,"column":25},"end":{"line":73,"column":null}},"29":{"start":{"line":64,"column":46},"end":{"line":73,"column":6}},"30":{"start":{"line":75,"column":4},"end":{"line":90,"column":null}},"31":{"start":{"line":100,"column":27},"end":{"line":100,"column":null}},"32":{"start":{"line":101,"column":4},"end":{"line":103,"column":null}},"33":{"start":{"line":102,"column":6},"end":{"line":102,"column":null}},"34":{"start":{"line":105,"column":29},"end":{"line":105,"column":null}},"35":{"start":{"line":106,"column":4},"end":{"line":108,"column":null}},"36":{"start":{"line":107,"column":6},"end":{"line":107,"column":null}},"37":{"start":{"line":110,"column":4},"end":{"line":113,"column":null}},"38":{"start":{"line":122,"column":4},"end":{"line":124,"column":null}},"39":{"start":{"line":123,"column":6},"end":{"line":123,"column":null}},"40":{"start":{"line":126,"column":4},"end":{"line":128,"column":null}},"41":{"start":{"line":127,"column":6},"end":{"line":127,"column":null}},"42":{"start":{"line":130,"column":27},"end":{"line":130,"column":null}},"43":{"start":{"line":131,"column":4},"end":{"line":133,"column":null}},"44":{"start":{"line":132,"column":6},"end":{"line":132,"column":null}},"45":{"start":{"line":135,"column":4},"end":{"line":135,"column":null}},"46":{"start":{"line":144,"column":27},"end":{"line":144,"column":null}},"47":{"start":{"line":145,"column":4},"end":{"line":147,"column":null}},"48":{"start":{"line":146,"column":6},"end":{"line":146,"column":null}},"49":{"start":{"line":149,"column":4},"end":{"line":154,"column":null}},"50":{"start":{"line":150,"column":26},"end":{"line":150,"column":null}},"51":{"start":{"line":151,"column":6},"end":{"line":153,"column":null}},"52":{"start":{"line":152,"column":8},"end":{"line":152,"column":null}},"53":{"start":{"line":156,"column":4},"end":{"line":156,"column":null}},"54":{"start":{"line":165,"column":27},"end":{"line":165,"column":null}},"55":{"start":{"line":166,"column":4},"end":{"line":168,"column":null}},"56":{"start":{"line":167,"column":6},"end":{"line":167,"column":null}},"57":{"start":{"line":170,"column":4},"end":{"line":170,"column":null}}},"fnMap":{"0":{"name":"(anonymous_0)","decl":{"start":{"line":6,"column":33},"end":{"line":6,"column":34}},"loc":{"start":{"line":6,"column":113},"end":{"line":27,"column":null}},"line":6},"1":{"name":"(anonymous_1)","decl":{"start":{"line":34,"column":17},"end":{"line":34,"column":24}},"loc":{"start":{"line":34,"column":44},"end":{"line":40,"column":null}},"line":34},"2":{"name":"(anonymous_2)","decl":{"start":{"line":48,"column":17},"end":{"line":48,"column":24}},"loc":{"start":{"line":48,"column":39},"end":{"line":91,"column":null}},"line":48},"3":{"name":"(anonymous_3)","decl":{"start":{"line":58,"column":41},"end":{"line":58,"column":42}},"loc":{"start":{"line":58,"column":51},"end":{"line":58,"column":73}},"line":58},"4":{"name":"(anonymous_4)","decl":{"start":{"line":59,"column":39},"end":{"line":59,"column":40}},"loc":{"start":{"line":59,"column":49},"end":{"line":61,"column":5}},"line":59},"5":{"name":"(anonymous_5)","decl":{"start":{"line":62,"column":41},"end":{"line":62,"column":42}},"loc":{"start":{"line":62,"column":56},"end":{"line":62,"column":83}},"line":62},"6":{"name":"(anonymous_6)","decl":{"start":{"line":64,"column":35},"end":{"line":64,"column":36}},"loc":{"start":{"line":64,"column":46},"end":{"line":73,"column":6}},"line":64},"7":{"name":"(anonymous_7)","decl":{"start":{"line":99,"column":18},"end":{"line":99,"column":25}},"loc":{"start":{"line":99,"column":91},"end":{"line":114,"column":null}},"line":99},"8":{"name":"(anonymous_8)","decl":{"start":{"line":121,"column":16},"end":{"line":121,"column":23}},"loc":{"start":{"line":121,"column":65},"end":{"line":136,"column":null}},"line":121},"9":{"name":"(anonymous_9)","decl":{"start":{"line":143,"column":16},"end":{"line":143,"column":23}},"loc":{"start":{"line":143,"column":79},"end":{"line":157,"column":null}},"line":143},"10":{"name":"(anonymous_10)","decl":{"start":{"line":164,"column":16},"end":{"line":164,"column":23}},"loc":{"start":{"line":164,"column":38},"end":{"line":171,"column":null}},"line":164}},"branchMap":{"0":{"loc":{"start":{"line":8,"column":20},"end":{"line":8,"column":null}},"type":"binary-expr","locations":[{"start":{"line":8,"column":20},"end":{"line":8,"column":41}},{"start":{"line":8,"column":41},"end":{"line":8,"column":59}},{"start":{"line":8,"column":59},"end":{"line":8,"column":null}}],"line":8},"1":{"loc":{"start":{"line":10,"column":2},"end":{"line":12,"column":null}},"type":"if","locations":[{"start":{"line":10,"column":2},"end":{"line":12,"column":null}},{"start":{},"end":{}}],"line":10},"2":{"loc":{"start":{"line":14,"column":2},"end":{"line":16,"column":null}},"type":"if","locations":[{"start":{"line":14,"column":2},"end":{"line":16,"column":null}},{"start":{},"end":{}}],"line":14},"3":{"loc":{"start":{"line":18,"column":2},"end":{"line":20,"column":null}},"type":"if","locations":[{"start":{"line":18,"column":2},"end":{"line":20,"column":null}},{"start":{},"end":{}}],"line":18},"4":{"loc":{"start":{"line":22,"column":2},"end":{"line":24,"column":null}},"type":"if","locations":[{"start":{"line":22,"column":2},"end":{"line":24,"column":null}},{"start":{},"end":{}}],"line":22},"5":{"loc":{"start":{"line":23,"column":11},"end":{"line":23,"column":null}},"type":"cond-expr","locations":[{"start":{"line":23,"column":32},"end":{"line":23,"column":44}},{"start":{"line":23,"column":44},"end":{"line":23,"column":null}}],"line":23},"6":{"loc":{"start":{"line":36,"column":29},"end":{"line":38,"column":null}},"type":"cond-expr","locations":[{"start":{"line":37,"column":9},"end":{"line":37,"column":null}},{"start":{"line":38,"column":8},"end":{"line":38,"column":null}}],"line":36},"7":{"loc":{"start":{"line":36,"column":29},"end":{"line":36,"column":null}},"type":"binary-expr","locations":[{"start":{"line":36,"column":29},"end":{"line":36,"column":39}},{"start":{"line":36,"column":39},"end":{"line":36,"column":null}}],"line":36},"8":{"loc":{"start":{"line":50,"column":4},"end":{"line":52,"column":null}},"type":"if","locations":[{"start":{"line":50,"column":4},"end":{"line":52,"column":null}},{"start":{},"end":{}}],"line":50},"9":{"loc":{"start":{"line":54,"column":18},"end":{"line":54,"column":null}},"type":"binary-expr","locations":[{"start":{"line":54,"column":18},"end":{"line":54,"column":34}},{"start":{"line":54,"column":34},"end":{"line":54,"column":null}}],"line":54},"10":{"loc":{"start":{"line":60,"column":13},"end":{"line":60,"column":null}},"type":"binary-expr","locations":[{"start":{"line":60,"column":13},"end":{"line":60,"column":39}},{"start":{"line":60,"column":39},"end":{"line":60,"column":65}},{"start":{"line":60,"column":65},"end":{"line":60,"column":null}}],"line":60},"11":{"loc":{"start":{"line":70,"column":23},"end":{"line":70,"column":null}},"type":"binary-expr","locations":[{"start":{"line":70,"column":23},"end":{"line":70,"column":47}},{"start":{"line":70,"column":47},"end":{"line":70,"column":null}}],"line":70},"12":{"loc":{"start":{"line":84,"column":22},"end":{"line":84,"column":null}},"type":"binary-expr","locations":[{"start":{"line":84,"column":22},"end":{"line":84,"column":47}},{"start":{"line":84,"column":47},"end":{"line":84,"column":null}}],"line":84},"13":{"loc":{"start":{"line":101,"column":4},"end":{"line":103,"column":null}},"type":"if","locations":[{"start":{"line":101,"column":4},"end":{"line":103,"column":null}},{"start":{},"end":{}}],"line":101},"14":{"loc":{"start":{"line":106,"column":4},"end":{"line":108,"column":null}},"type":"if","locations":[{"start":{"line":106,"column":4},"end":{"line":108,"column":null}},{"start":{},"end":{}}],"line":106},"15":{"loc":{"start":{"line":112,"column":22},"end":{"line":112,"column":null}},"type":"binary-expr","locations":[{"start":{"line":112,"column":22},"end":{"line":112,"column":45}},{"start":{"line":112,"column":45},"end":{"line":112,"column":null}}],"line":112},"16":{"loc":{"start":{"line":122,"column":4},"end":{"line":124,"column":null}},"type":"if","locations":[{"start":{"line":122,"column":4},"end":{"line":124,"column":null}},{"start":{},"end":{}}],"line":122},"17":{"loc":{"start":{"line":122,"column":8},"end":{"line":122,"column":53}},"type":"binary-expr","locations":[{"start":{"line":122,"column":8},"end":{"line":122,"column":22}},{"start":{"line":122,"column":22},"end":{"line":122,"column":53}}],"line":122},"18":{"loc":{"start":{"line":126,"column":4},"end":{"line":128,"column":null}},"type":"if","locations":[{"start":{"line":126,"column":4},"end":{"line":128,"column":null}},{"start":{},"end":{}}],"line":126},"19":{"loc":{"start":{"line":126,"column":8},"end":{"line":126,"column":50}},"type":"binary-expr","locations":[{"start":{"line":126,"column":8},"end":{"line":126,"column":23}},{"start":{"line":126,"column":23},"end":{"line":126,"column":50}}],"line":126},"20":{"loc":{"start":{"line":131,"column":4},"end":{"line":133,"column":null}},"type":"if","locations":[{"start":{"line":131,"column":4},"end":{"line":133,"column":null}},{"start":{},"end":{}}],"line":131},"21":{"loc":{"start":{"line":145,"column":4},"end":{"line":147,"column":null}},"type":"if","locations":[{"start":{"line":145,"column":4},"end":{"line":147,"column":null}},{"start":{},"end":{}}],"line":145},"22":{"loc":{"start":{"line":149,"column":4},"end":{"line":154,"column":null}},"type":"if","locations":[{"start":{"line":149,"column":4},"end":{"line":154,"column":null}},{"start":{},"end":{}}],"line":149},"23":{"loc":{"start":{"line":149,"column":8},"end":{"line":149,"column":59}},"type":"binary-expr","locations":[{"start":{"line":149,"column":8},"end":{"line":149,"column":22}},{"start":{"line":149,"column":22},"end":{"line":149,"column":59}}],"line":149},"24":{"loc":{"start":{"line":151,"column":6},"end":{"line":153,"column":null}},"type":"if","locations":[{"start":{"line":151,"column":6},"end":{"line":153,"column":null}},{"start":{},"end":{}}],"line":151},"25":{"loc":{"start":{"line":166,"column":4},"end":{"line":168,"column":null}},"type":"if","locations":[{"start":{"line":166,"column":4},"end":{"line":168,"column":null}},{"start":{},"end":{}}],"line":166}},"s":{"0":2,"1":2,"2":2,"3":2,"4":1,"5":1,"6":0,"7":1,"8":1,"9":0,"10":0,"11":0,"12":2,"13":2,"14":2,"15":2,"16":3,"17":3,"18":2,"19":1,"20":3,"21":3,"22":3,"23":2,"24":3,"25":2,"26":3,"27":2,"28":3,"29":2,"30":3,"31":2,"32":2,"33":1,"34":1,"35":2,"36":0,"37":1,"38":0,"39":0,"40":0,"41":0,"42":0,"43":0,"44":0,"45":0,"46":0,"47":0,"48":0,"49":0,"50":0,"51":0,"52":0,"53":0,"54":0,"55":0,"56":0,"57":0},"f":{"0":2,"1":2,"2":3,"3":2,"4":2,"5":2,"6":2,"7":2,"8":0,"9":0,"10":0},"b":{"0":[2,2,2],"1":[1,1],"2":[0,1],"3":[1,0],"4":[0,0],"5":[0,0],"6":[1,1],"7":[2,1],"8":[2,1],"9":[1,0],"10":[2,1,1],"11":[2,2],"12":[3,1],"13":[1,1],"14":[0,2],"15":[1,0],"16":[0,0],"17":[0,0],"18":[0,0],"19":[0,0],"20":[0,0],"21":[0,0],"22":[0,0],"23":[0,0],"24":[0,0],"25":[0,0]},"meta":{"lastBranch":26,"lastFunction":11,"lastStatement":58,"seen":{"s:6:33:27:Infinity":0,"f:6:33:6:34":0,"s:7:14:7:Infinity":1,"s:8:20:8:Infinity":2,"b:8:20:8:41:8:41:8:59:8:59:8:Infinity":0,"b:10:2:12:Infinity:undefined:undefined:undefined:undefined":1,"s:10:2:12:Infinity":3,"s:11:4:11:Infinity":4,"b:14:2:16:Infinity:undefined:undefined:undefined:undefined":2,"s:14:2:16:Infinity":5,"s:15:4:15:Infinity":6,"b:18:2:20:Infinity:undefined:undefined:undefined:undefined":3,"s:18:2:20:Infinity":7,"s:19:4:19:Infinity":8,"b:22:2:24:Infinity:undefined:undefined:undefined:undefined":4,"s:22:2:24:Infinity":9,"s:23:4:23:Infinity":10,"b:23:32:23:44:23:44:23:Infinity":5,"s:26:2:26:Infinity":11,"s:32:29:172:Infinity":12,"f:34:17:34:24":1,"s:35:24:35:Infinity":13,"s:36:29:38:Infinity":14,"b:37:9:37:Infinity:38:8:38:Infinity":6,"b:36:29:36:39:36:39:36:Infinity":7,"s:39:4:39:Infinity":15,"f:48:17:48:24":2,"s:49:19:49:Infinity":16,"b:50:4:52:Infinity:undefined:undefined:undefined:undefined":8,"s:50:4:52:Infinity":17,"s:51:6:51:Infinity":18,"s:54:18:54:Infinity":19,"b:54:18:54:34:54:34:54:Infinity":9,"s:55:16:55:Infinity":20,"s:57:24:57:Infinity":21,"s:58:28:58:Infinity":22,"f:58:41:58:42":3,"s:58:51:58:73":23,"s:59:26:61:Infinity":24,"f:59:39:59:40":4,"s:60:6:60:Infinity":25,"b:60:13:60:39:60:39:60:65:60:65:60:Infinity":10,"s:62:28:62:Infinity":26,"f:62:41:62:42":5,"s:62:56:62:83":27,"s:64:25:73:Infinity":28,"f:64:35:64:36":6,"s:64:46:73:6":29,"b:70:23:70:47:70:47:70:Infinity":11,"s:75:4:90:Infinity":30,"b:84:22:84:47:84:47:84:Infinity":12,"f:99:18:99:25":7,"s:100:27:100:Infinity":31,"b:101:4:103:Infinity:undefined:undefined:undefined:undefined":13,"s:101:4:103:Infinity":32,"s:102:6:102:Infinity":33,"s:105:29:105:Infinity":34,"b:106:4:108:Infinity:undefined:undefined:undefined:undefined":14,"s:106:4:108:Infinity":35,"s:107:6:107:Infinity":36,"s:110:4:113:Infinity":37,"b:112:22:112:45:112:45:112:Infinity":15,"f:121:16:121:23":8,"b:122:4:124:Infinity:undefined:undefined:undefined:undefined":16,"s:122:4:124:Infinity":38,"b:122:8:122:22:122:22:122:53":17,"s:123:6:123:Infinity":39,"b:126:4:128:Infinity:undefined:undefined:undefined:undefined":18,"s:126:4:128:Infinity":40,"b:126:8:126:23:126:23:126:50":19,"s:127:6:127:Infinity":41,"s:130:27:130:Infinity":42,"b:131:4:133:Infinity:undefined:undefined:undefined:undefined":20,"s:131:4:133:Infinity":43,"s:132:6:132:Infinity":44,"s:135:4:135:Infinity":45,"f:143:16:143:23":9,"s:144:27:144:Infinity":46,"b:145:4:147:Infinity:undefined:undefined:undefined:undefined":21,"s:145:4:147:Infinity":47,"s:146:6:146:Infinity":48,"b:149:4:154:Infinity:undefined:undefined:undefined:undefined":22,"s:149:4:154:Infinity":49,"b:149:8:149:22:149:22:149:59":23,"s:150:26:150:Infinity":50,"b:151:6:153:Infinity:undefined:undefined:undefined:undefined":24,"s:151:6:153:Infinity":51,"s:152:8:152:Infinity":52,"s:156:4:156:Infinity":53,"f:164:16:164:23":10,"s:165:27:165:Infinity":54,"b:166:4:168:Infinity:undefined:undefined:undefined:undefined":25,"s:166:4:168:Infinity":55,"s:167:6:167:Infinity":56,"s:170:4:170:Infinity":57},"fnNames":{}}}
,"E:\\vscode\\phattrienungdung\\internflowwindow\\phattrienungdungnhom7-monorepo\\internflow-be\\src\\services\\tasks.service.ts": {"path":"E:\\vscode\\phattrienungdung\\internflowwindow\\phattrienungdungnhom7-monorepo\\internflow-be\\src\\services\\tasks.service.ts","statementMap":{"0":{"start":{"line":52,"column":33},"end":{"line":74,"column":null}},"1":{"start":{"line":57,"column":2},"end":{"line":59,"column":null}},"2":{"start":{"line":58,"column":4},"end":{"line":58,"column":null}},"3":{"start":{"line":61,"column":2},"end":{"line":63,"column":null}},"4":{"start":{"line":62,"column":4},"end":{"line":62,"column":null}},"5":{"start":{"line":65,"column":2},"end":{"line":67,"column":null}},"6":{"start":{"line":66,"column":4},"end":{"line":66,"column":null}},"7":{"start":{"line":69,"column":2},"end":{"line":71,"column":null}},"8":{"start":{"line":70,"column":4},"end":{"line":70,"column":null}},"9":{"start":{"line":73,"column":2},"end":{"line":73,"column":null}},"10":{"start":{"line":76,"column":23},"end":{"line":91,"column":null}},"11":{"start":{"line":76,"column":52},"end":{"line":91,"column":null}},"12":{"start":{"line":93,"column":22},"end":{"line":106,"column":null}},"13":{"start":{"line":93,"column":50},"end":{"line":106,"column":null}},"14":{"start":{"line":98,"column":71},"end":{"line":105,"column":4}},"15":{"start":{"line":108,"column":18},"end":{"line":115,"column":null}},"16":{"start":{"line":109,"column":2},"end":{"line":111,"column":null}},"17":{"start":{"line":110,"column":4},"end":{"line":110,"column":null}},"18":{"start":{"line":113,"column":15},"end":{"line":113,"column":null}},"19":{"start":{"line":114,"column":2},"end":{"line":114,"column":null}},"20":{"start":{"line":117,"column":19},"end":{"line":119,"column":null}},"21":{"start":{"line":118,"column":2},"end":{"line":118,"column":null}},"22":{"start":{"line":121,"column":27},"end":{"line":127,"column":null}},"23":{"start":{"line":122,"column":17},"end":{"line":122,"column":null}},"24":{"start":{"line":123,"column":2},"end":{"line":125,"column":null}},"25":{"start":{"line":124,"column":4},"end":{"line":124,"column":null}},"26":{"start":{"line":126,"column":2},"end":{"line":126,"column":null}},"27":{"start":{"line":129,"column":27},"end":{"line":392,"column":null}},"28":{"start":{"line":131,"column":18},"end":{"line":131,"column":null}},"29":{"start":{"line":132,"column":4},"end":{"line":132,"column":null}},"30":{"start":{"line":136,"column":18},"end":{"line":136,"column":null}},"31":{"start":{"line":137,"column":4},"end":{"line":142,"column":null}},"32":{"start":{"line":138,"column":35},"end":{"line":138,"column":57}},"33":{"start":{"line":139,"column":42},"end":{"line":139,"column":71}},"34":{"start":{"line":140,"column":40},"end":{"line":140,"column":67}},"35":{"start":{"line":141,"column":35},"end":{"line":141,"column":57}},"36":{"start":{"line":146,"column":17},"end":{"line":146,"column":null}},"37":{"start":{"line":147,"column":4},"end":{"line":149,"column":null}},"38":{"start":{"line":148,"column":6},"end":{"line":148,"column":null}},"39":{"start":{"line":150,"column":4},"end":{"line":150,"column":null}},"40":{"start":{"line":154,"column":18},"end":{"line":154,"column":null}},"41":{"start":{"line":155,"column":4},"end":{"line":155,"column":null}},"42":{"start":{"line":159,"column":17},"end":{"line":159,"column":null}},"43":{"start":{"line":160,"column":4},"end":{"line":162,"column":null}},"44":{"start":{"line":161,"column":6},"end":{"line":161,"column":null}},"45":{"start":{"line":163,"column":4},"end":{"line":165,"column":null}},"46":{"start":{"line":164,"column":6},"end":{"line":164,"column":null}},"47":{"start":{"line":167,"column":20},"end":{"line":171,"column":null}},"48":{"start":{"line":172,"column":4},"end":{"line":172,"column":null}},"49":{"start":{"line":176,"column":17},"end":{"line":176,"column":null}},"50":{"start":{"line":177,"column":4},"end":{"line":179,"column":null}},"51":{"start":{"line":178,"column":6},"end":{"line":178,"column":null}},"52":{"start":{"line":180,"column":4},"end":{"line":182,"column":null}},"53":{"start":{"line":181,"column":6},"end":{"line":181,"column":null}},"54":{"start":{"line":184,"column":21},"end":{"line":184,"column":null}},"55":{"start":{"line":185,"column":4},"end":{"line":187,"column":null}},"56":{"start":{"line":186,"column":6},"end":{"line":186,"column":null}},"57":{"start":{"line":189,"column":20},"end":{"line":197,"column":null}},"58":{"start":{"line":198,"column":4},"end":{"line":198,"column":null}},"59":{"start":{"line":213,"column":4},"end":{"line":215,"column":null}},"60":{"start":{"line":214,"column":6},"end":{"line":214,"column":null}},"61":{"start":{"line":217,"column":16},"end":{"line":217,"column":null}},"62":{"start":{"line":218,"column":20},"end":{"line":218,"column":null}},"63":{"start":{"line":220,"column":28},"end":{"line":227,"column":null}},"64":{"start":{"line":221,"column":43},"end":{"line":226,"column":8}},"65":{"start":{"line":229,"column":4},"end":{"line":247,"column":null}},"66":{"start":{"line":230,"column":6},"end":{"line":232,"column":null}},"67":{"start":{"line":231,"column":8},"end":{"line":231,"column":null}},"68":{"start":{"line":233,"column":6},"end":{"line":235,"column":null}},"69":{"start":{"line":234,"column":8},"end":{"line":234,"column":null}},"70":{"start":{"line":236,"column":6},"end":{"line":236,"column":null}},"71":{"start":{"line":237,"column":19},"end":{"line":245,"column":null}},"72":{"start":{"line":246,"column":6},"end":{"line":246,"column":null}},"73":{"start":{"line":249,"column":17},"end":{"line":254,"column":null}},"74":{"start":{"line":255,"column":4},"end":{"line":255,"column":null}},"75":{"start":{"line":259,"column":4},"end":{"line":261,"column":null}},"76":{"start":{"line":260,"column":6},"end":{"line":260,"column":null}},"77":{"start":{"line":262,"column":20},"end":{"line":262,"column":null}},"78":{"start":{"line":263,"column":4},"end":{"line":265,"column":null}},"79":{"start":{"line":264,"column":6},"end":{"line":264,"column":null}},"80":{"start":{"line":266,"column":4},"end":{"line":268,"column":null}},"81":{"start":{"line":267,"column":6},"end":{"line":267,"column":null}},"82":{"start":{"line":270,"column":17},"end":{"line":270,"column":null}},"83":{"start":{"line":271,"column":4},"end":{"line":273,"column":null}},"84":{"start":{"line":272,"column":6},"end":{"line":272,"column":null}},"85":{"start":{"line":274,"column":4},"end":{"line":276,"column":null}},"86":{"start":{"line":275,"column":6},"end":{"line":275,"column":null}},"87":{"start":{"line":278,"column":4},"end":{"line":278,"column":null}},"88":{"start":{"line":279,"column":20},"end":{"line":284,"column":null}},"89":{"start":{"line":285,"column":4},"end":{"line":285,"column":null}},"90":{"start":{"line":295,"column":17},"end":{"line":295,"column":null}},"91":{"start":{"line":296,"column":4},"end":{"line":298,"column":null}},"92":{"start":{"line":297,"column":6},"end":{"line":297,"column":null}},"93":{"start":{"line":300,"column":4},"end":{"line":302,"column":null}},"94":{"start":{"line":301,"column":6},"end":{"line":301,"column":null}},"95":{"start":{"line":303,"column":4},"end":{"line":305,"column":null}},"96":{"start":{"line":304,"column":6},"end":{"line":304,"column":null}},"97":{"start":{"line":306,"column":4},"end":{"line":308,"column":null}},"98":{"start":{"line":307,"column":6},"end":{"line":307,"column":null}},"99":{"start":{"line":315,"column":8},"end":{"line":315,"column":null}},"100":{"start":{"line":317,"column":4},"end":{"line":322,"column":null}},"101":{"start":{"line":318,"column":6},"end":{"line":320,"column":null}},"102":{"start":{"line":319,"column":8},"end":{"line":319,"column":null}},"103":{"start":{"line":321,"column":6},"end":{"line":321,"column":null}},"104":{"start":{"line":324,"column":4},"end":{"line":326,"column":null}},"105":{"start":{"line":325,"column":6},"end":{"line":325,"column":null}},"106":{"start":{"line":328,"column":4},"end":{"line":330,"column":null}},"107":{"start":{"line":329,"column":6},"end":{"line":329,"column":null}},"108":{"start":{"line":332,"column":4},"end":{"line":342,"column":null}},"109":{"start":{"line":333,"column":22},"end":{"line":333,"column":null}},"110":{"start":{"line":334,"column":6},"end":{"line":341,"column":null}},"111":{"start":{"line":335,"column":8},"end":{"line":335,"column":null}},"112":{"start":{"line":337,"column":8},"end":{"line":339,"column":null}},"113":{"start":{"line":338,"column":10},"end":{"line":338,"column":null}},"114":{"start":{"line":340,"column":8},"end":{"line":340,"column":null}},"115":{"start":{"line":344,"column":24},"end":{"line":347,"column":null}},"116":{"start":{"line":349,"column":4},"end":{"line":352,"column":null}},"117":{"start":{"line":356,"column":17},"end":{"line":356,"column":null}},"118":{"start":{"line":357,"column":4},"end":{"line":359,"column":null}},"119":{"start":{"line":358,"column":6},"end":{"line":358,"column":null}},"120":{"start":{"line":360,"column":4},"end":{"line":362,"column":null}},"121":{"start":{"line":361,"column":6},"end":{"line":361,"column":null}},"122":{"start":{"line":363,"column":4},"end":{"line":363,"column":null}},"123":{"start":{"line":364,"column":4},"end":{"line":364,"column":null}},"124":{"start":{"line":368,"column":16},"end":{"line":368,"column":null}},"125":{"start":{"line":369,"column":21},"end":{"line":369,"column":null}},"126":{"start":{"line":370,"column":25},"end":{"line":375,"column":null}},"127":{"start":{"line":372,"column":8},"end":{"line":374,"column":null}},"128":{"start":{"line":377,"column":32},"end":{"line":377,"column":null}},"129":{"start":{"line":378,"column":4},"end":{"line":384,"column":null}},"130":{"start":{"line":379,"column":6},"end":{"line":382,"column":null}},"131":{"start":{"line":383,"column":6},"end":{"line":383,"column":null}},"132":{"start":{"line":386,"column":4},"end":{"line":390,"column":null}}},"fnMap":{"0":{"name":"(anonymous_0)","decl":{"start":{"line":52,"column":33},"end":{"line":52,"column":null}},"loc":{"start":{"line":56,"column":24},"end":{"line":74,"column":null}},"line":56},"1":{"name":"(anonymous_1)","decl":{"start":{"line":76,"column":23},"end":{"line":76,"column":24}},"loc":{"start":{"line":76,"column":52},"end":{"line":91,"column":null}},"line":76},"2":{"name":"(anonymous_2)","decl":{"start":{"line":93,"column":22},"end":{"line":93,"column":23}},"loc":{"start":{"line":93,"column":50},"end":{"line":106,"column":null}},"line":93},"3":{"name":"(anonymous_3)","decl":{"start":{"line":98,"column":49},"end":{"line":98,"column":50}},"loc":{"start":{"line":98,"column":71},"end":{"line":105,"column":4}},"line":98},"4":{"name":"(anonymous_4)","decl":{"start":{"line":108,"column":18},"end":{"line":108,"column":19}},"loc":{"start":{"line":108,"column":51},"end":{"line":115,"column":null}},"line":108},"5":{"name":"(anonymous_5)","decl":{"start":{"line":117,"column":19},"end":{"line":117,"column":20}},"loc":{"start":{"line":117,"column":44},"end":{"line":119,"column":null}},"line":117},"6":{"name":"(anonymous_6)","decl":{"start":{"line":121,"column":27},"end":{"line":121,"column":34}},"loc":{"start":{"line":121,"column":55},"end":{"line":127,"column":null}},"line":121},"7":{"name":"(anonymous_7)","decl":{"start":{"line":130,"column":15},"end":{"line":130,"column":22}},"loc":{"start":{"line":130,"column":47},"end":{"line":133,"column":null}},"line":130},"8":{"name":"(anonymous_8)","decl":{"start":{"line":135,"column":18},"end":{"line":135,"column":30}},"loc":{"start":{"line":135,"column":30},"end":{"line":143,"column":null}},"line":135},"9":{"name":"(anonymous_9)","decl":{"start":{"line":138,"column":25},"end":{"line":138,"column":26}},"loc":{"start":{"line":138,"column":35},"end":{"line":138,"column":57}},"line":138},"10":{"name":"(anonymous_10)","decl":{"start":{"line":139,"column":32},"end":{"line":139,"column":33}},"loc":{"start":{"line":139,"column":42},"end":{"line":139,"column":71}},"line":139},"11":{"name":"(anonymous_11)","decl":{"start":{"line":140,"column":30},"end":{"line":140,"column":31}},"loc":{"start":{"line":140,"column":40},"end":{"line":140,"column":67}},"line":140},"12":{"name":"(anonymous_12)","decl":{"start":{"line":141,"column":25},"end":{"line":141,"column":26}},"loc":{"start":{"line":141,"column":35},"end":{"line":141,"column":57}},"line":141},"13":{"name":"(anonymous_13)","decl":{"start":{"line":145,"column":15},"end":{"line":145,"column":22}},"loc":{"start":{"line":145,"column":37},"end":{"line":151,"column":null}},"line":145},"14":{"name":"(anonymous_14)","decl":{"start":{"line":153,"column":18},"end":{"line":153,"column":30}},"loc":{"start":{"line":153,"column":30},"end":{"line":156,"column":null}},"line":153},"15":{"name":"(anonymous_15)","decl":{"start":{"line":158,"column":15},"end":{"line":158,"column":22}},"loc":{"start":{"line":158,"column":73},"end":{"line":173,"column":null}},"line":158},"16":{"name":"(anonymous_16)","decl":{"start":{"line":175,"column":14},"end":{"line":175,"column":21}},"loc":{"start":{"line":175,"column":72},"end":{"line":199,"column":null}},"line":175},"17":{"name":"(anonymous_17)","decl":{"start":{"line":201,"column":14},"end":{"line":201,"column":21}},"loc":{"start":{"line":212,"column":8},"end":{"line":256,"column":null}},"line":212},"18":{"name":"(anonymous_18)","decl":{"start":{"line":221,"column":35},"end":{"line":221,"column":43}},"loc":{"start":{"line":221,"column":43},"end":{"line":226,"column":8}},"line":221},"19":{"name":"(anonymous_19)","decl":{"start":{"line":258,"column":14},"end":{"line":258,"column":21}},"loc":{"start":{"line":258,"column":86},"end":{"line":286,"column":null}},"line":258},"20":{"name":"(anonymous_20)","decl":{"start":{"line":288,"column":14},"end":{"line":288,"column":21}},"loc":{"start":{"line":294,"column":8},"end":{"line":353,"column":null}},"line":294},"21":{"name":"(anonymous_21)","decl":{"start":{"line":355,"column":14},"end":{"line":355,"column":21}},"loc":{"start":{"line":355,"column":36},"end":{"line":365,"column":null}},"line":355},"22":{"name":"(anonymous_22)","decl":{"start":{"line":367,"column":25},"end":{"line":367,"column":37}},"loc":{"start":{"line":367,"column":37},"end":{"line":391,"column":null}},"line":367},"23":{"name":"(anonymous_23)","decl":{"start":{"line":371,"column":6},"end":{"line":371,"column":7}},"loc":{"start":{"line":372,"column":8},"end":{"line":374,"column":null}},"line":372}},"branchMap":{"0":{"loc":{"start":{"line":57,"column":2},"end":{"line":59,"column":null}},"type":"if","locations":[{"start":{"line":57,"column":2},"end":{"line":59,"column":null}},{"start":{},"end":{}}],"line":57},"1":{"loc":{"start":{"line":61,"column":2},"end":{"line":63,"column":null}},"type":"if","locations":[{"start":{"line":61,"column":2},"end":{"line":63,"column":null}},{"start":{},"end":{}}],"line":61},"2":{"loc":{"start":{"line":62,"column":11},"end":{"line":62,"column":null}},"type":"cond-expr","locations":[{"start":{"line":62,"column":32},"end":{"line":62,"column":51}},{"start":{"line":62,"column":51},"end":{"line":62,"column":null}}],"line":62},"3":{"loc":{"start":{"line":65,"column":2},"end":{"line":67,"column":null}},"type":"if","locations":[{"start":{"line":65,"column":2},"end":{"line":67,"column":null}},{"start":{},"end":{}}],"line":65},"4":{"loc":{"start":{"line":69,"column":2},"end":{"line":71,"column":null}},"type":"if","locations":[{"start":{"line":69,"column":2},"end":{"line":71,"column":null}},{"start":{},"end":{}}],"line":69},"5":{"loc":{"start":{"line":70,"column":11},"end":{"line":70,"column":null}},"type":"cond-expr","locations":[{"start":{"line":70,"column":35},"end":{"line":70,"column":49}},{"start":{"line":70,"column":49},"end":{"line":70,"column":null}}],"line":70},"6":{"loc":{"start":{"line":79,"column":15},"end":{"line":79,"column":null}},"type":"binary-expr","locations":[{"start":{"line":79,"column":15},"end":{"line":79,"column":35}},{"start":{"line":79,"column":35},"end":{"line":79,"column":null}}],"line":79},"7":{"loc":{"start":{"line":80,"column":13},"end":{"line":80,"column":null}},"type":"binary-expr","locations":[{"start":{"line":80,"column":13},"end":{"line":80,"column":31}},{"start":{"line":80,"column":31},"end":{"line":80,"column":null}}],"line":80},"8":{"loc":{"start":{"line":81,"column":15},"end":{"line":81,"column":null}},"type":"binary-expr","locations":[{"start":{"line":81,"column":15},"end":{"line":81,"column":42}},{"start":{"line":81,"column":42},"end":{"line":81,"column":null}}],"line":81},"9":{"loc":{"start":{"line":95,"column":19},"end":{"line":95,"column":null}},"type":"binary-expr","locations":[{"start":{"line":95,"column":19},"end":{"line":95,"column":43}},{"start":{"line":95,"column":43},"end":{"line":95,"column":null}}],"line":95},"10":{"loc":{"start":{"line":96,"column":22},"end":{"line":96,"column":null}},"type":"binary-expr","locations":[{"start":{"line":96,"column":22},"end":{"line":96,"column":49}},{"start":{"line":96,"column":49},"end":{"line":96,"column":null}}],"line":96},"11":{"loc":{"start":{"line":97,"column":19},"end":{"line":97,"column":null}},"type":"binary-expr","locations":[{"start":{"line":97,"column":19},"end":{"line":97,"column":43}},{"start":{"line":97,"column":43},"end":{"line":97,"column":null}}],"line":97},"12":{"loc":{"start":{"line":98,"column":16},"end":{"line":98,"column":45}},"type":"binary-expr","locations":[{"start":{"line":98,"column":16},"end":{"line":98,"column":41}},{"start":{"line":98,"column":41},"end":{"line":98,"column":45}}],"line":98},"13":{"loc":{"start":{"line":102,"column":15},"end":{"line":102,"column":null}},"type":"cond-expr","locations":[{"start":{"line":102,"column":38},"end":{"line":102,"column":69}},{"start":{"line":102,"column":69},"end":{"line":102,"column":null}}],"line":102},"14":{"loc":{"start":{"line":109,"column":2},"end":{"line":111,"column":null}},"type":"if","locations":[{"start":{"line":109,"column":2},"end":{"line":111,"column":null}},{"start":{},"end":{}}],"line":109},"15":{"loc":{"start":{"line":109,"column":6},"end":{"line":109,"column":62}},"type":"binary-expr","locations":[{"start":{"line":109,"column":6},"end":{"line":109,"column":35}},{"start":{"line":109,"column":35},"end":{"line":109,"column":62}}],"line":109},"16":{"loc":{"start":{"line":114,"column":9},"end":{"line":114,"column":null}},"type":"cond-expr","locations":[{"start":{"line":114,"column":40},"end":{"line":114,"column":47}},{"start":{"line":114,"column":47},"end":{"line":114,"column":null}}],"line":114},"17":{"loc":{"start":{"line":123,"column":2},"end":{"line":125,"column":null}},"type":"if","locations":[{"start":{"line":123,"column":2},"end":{"line":125,"column":null}},{"start":{},"end":{}}],"line":123},"18":{"loc":{"start":{"line":123,"column":6},"end":{"line":123,"column":45}},"type":"binary-expr","locations":[{"start":{"line":123,"column":6},"end":{"line":123,"column":17}},{"start":{"line":123,"column":17},"end":{"line":123,"column":45}}],"line":123},"19":{"loc":{"start":{"line":147,"column":4},"end":{"line":149,"column":null}},"type":"if","locations":[{"start":{"line":147,"column":4},"end":{"line":149,"column":null}},{"start":{},"end":{}}],"line":147},"20":{"loc":{"start":{"line":160,"column":4},"end":{"line":162,"column":null}},"type":"if","locations":[{"start":{"line":160,"column":4},"end":{"line":162,"column":null}},{"start":{},"end":{}}],"line":160},"21":{"loc":{"start":{"line":163,"column":4},"end":{"line":165,"column":null}},"type":"if","locations":[{"start":{"line":163,"column":4},"end":{"line":165,"column":null}},{"start":{},"end":{}}],"line":163},"22":{"loc":{"start":{"line":170,"column":23},"end":{"line":170,"column":null}},"type":"binary-expr","locations":[{"start":{"line":170,"column":23},"end":{"line":170,"column":55}},{"start":{"line":170,"column":55},"end":{"line":170,"column":null}}],"line":170},"23":{"loc":{"start":{"line":177,"column":4},"end":{"line":179,"column":null}},"type":"if","locations":[{"start":{"line":177,"column":4},"end":{"line":179,"column":null}},{"start":{},"end":{}}],"line":177},"24":{"loc":{"start":{"line":180,"column":4},"end":{"line":182,"column":null}},"type":"if","locations":[{"start":{"line":180,"column":4},"end":{"line":182,"column":null}},{"start":{},"end":{}}],"line":180},"25":{"loc":{"start":{"line":185,"column":4},"end":{"line":187,"column":null}},"type":"if","locations":[{"start":{"line":185,"column":4},"end":{"line":187,"column":null}},{"start":{},"end":{}}],"line":185},"26":{"loc":{"start":{"line":213,"column":4},"end":{"line":215,"column":null}},"type":"if","locations":[{"start":{"line":213,"column":4},"end":{"line":215,"column":null}},{"start":{},"end":{}}],"line":213},"27":{"loc":{"start":{"line":213,"column":8},"end":{"line":213,"column":55}},"type":"binary-expr","locations":[{"start":{"line":213,"column":8},"end":{"line":213,"column":23}},{"start":{"line":213,"column":23},"end":{"line":213,"column":55}}],"line":213},"28":{"loc":{"start":{"line":220,"column":28},"end":{"line":227,"column":null}},"type":"cond-expr","locations":[{"start":{"line":220,"column":47},"end":{"line":227,"column":8}},{"start":{"line":227,"column":8},"end":{"line":227,"column":null}}],"line":220},"29":{"loc":{"start":{"line":224,"column":19},"end":{"line":224,"column":null}},"type":"binary-expr","locations":[{"start":{"line":224,"column":19},"end":{"line":224,"column":36}},{"start":{"line":224,"column":36},"end":{"line":224,"column":null}}],"line":224},"30":{"loc":{"start":{"line":229,"column":4},"end":{"line":247,"column":null}},"type":"if","locations":[{"start":{"line":229,"column":4},"end":{"line":247,"column":null}},{"start":{},"end":{}}],"line":229},"31":{"loc":{"start":{"line":230,"column":6},"end":{"line":232,"column":null}},"type":"if","locations":[{"start":{"line":230,"column":6},"end":{"line":232,"column":null}},{"start":{},"end":{}}],"line":230},"32":{"loc":{"start":{"line":233,"column":6},"end":{"line":235,"column":null}},"type":"if","locations":[{"start":{"line":233,"column":6},"end":{"line":235,"column":null}},{"start":{},"end":{}}],"line":233},"33":{"loc":{"start":{"line":239,"column":21},"end":{"line":239,"column":null}},"type":"binary-expr","locations":[{"start":{"line":239,"column":21},"end":{"line":239,"column":49}},{"start":{"line":239,"column":49},"end":{"line":239,"column":null}}],"line":239},"34":{"loc":{"start":{"line":251,"column":19},"end":{"line":251,"column":null}},"type":"binary-expr","locations":[{"start":{"line":251,"column":19},"end":{"line":251,"column":47}},{"start":{"line":251,"column":47},"end":{"line":251,"column":null}}],"line":251},"35":{"loc":{"start":{"line":259,"column":4},"end":{"line":261,"column":null}},"type":"if","locations":[{"start":{"line":259,"column":4},"end":{"line":261,"column":null}},{"start":{},"end":{}}],"line":259},"36":{"loc":{"start":{"line":263,"column":4},"end":{"line":265,"column":null}},"type":"if","locations":[{"start":{"line":263,"column":4},"end":{"line":265,"column":null}},{"start":{},"end":{}}],"line":263},"37":{"loc":{"start":{"line":266,"column":4},"end":{"line":268,"column":null}},"type":"if","locations":[{"start":{"line":266,"column":4},"end":{"line":268,"column":null}},{"start":{},"end":{}}],"line":266},"38":{"loc":{"start":{"line":271,"column":4},"end":{"line":273,"column":null}},"type":"if","locations":[{"start":{"line":271,"column":4},"end":{"line":273,"column":null}},{"start":{},"end":{}}],"line":271},"39":{"loc":{"start":{"line":274,"column":4},"end":{"line":276,"column":null}},"type":"if","locations":[{"start":{"line":274,"column":4},"end":{"line":276,"column":null}},{"start":{},"end":{}}],"line":274},"40":{"loc":{"start":{"line":296,"column":4},"end":{"line":298,"column":null}},"type":"if","locations":[{"start":{"line":296,"column":4},"end":{"line":298,"column":null}},{"start":{},"end":{}}],"line":296},"41":{"loc":{"start":{"line":300,"column":4},"end":{"line":302,"column":null}},"type":"if","locations":[{"start":{"line":300,"column":4},"end":{"line":302,"column":null}},{"start":{},"end":{}}],"line":300},"42":{"loc":{"start":{"line":303,"column":4},"end":{"line":305,"column":null}},"type":"if","locations":[{"start":{"line":303,"column":4},"end":{"line":305,"column":null}},{"start":{},"end":{}}],"line":303},"43":{"loc":{"start":{"line":306,"column":4},"end":{"line":308,"column":null}},"type":"if","locations":[{"start":{"line":306,"column":4},"end":{"line":308,"column":null}},{"start":{},"end":{}}],"line":306},"44":{"loc":{"start":{"line":306,"column":8},"end":{"line":306,"column":69}},"type":"binary-expr","locations":[{"start":{"line":306,"column":8},"end":{"line":306,"column":41}},{"start":{"line":306,"column":41},"end":{"line":306,"column":69}}],"line":306},"45":{"loc":{"start":{"line":317,"column":4},"end":{"line":322,"column":null}},"type":"if","locations":[{"start":{"line":317,"column":4},"end":{"line":322,"column":null}},{"start":{},"end":{}}],"line":317},"46":{"loc":{"start":{"line":318,"column":6},"end":{"line":320,"column":null}},"type":"if","locations":[{"start":{"line":318,"column":6},"end":{"line":320,"column":null}},{"start":{},"end":{}}],"line":318},"47":{"loc":{"start":{"line":324,"column":4},"end":{"line":326,"column":null}},"type":"if","locations":[{"start":{"line":324,"column":4},"end":{"line":326,"column":null}},{"start":{},"end":{}}],"line":324},"48":{"loc":{"start":{"line":325,"column":31},"end":{"line":325,"column":null}},"type":"binary-expr","locations":[{"start":{"line":325,"column":31},"end":{"line":325,"column":58}},{"start":{"line":325,"column":58},"end":{"line":325,"column":null}}],"line":325},"49":{"loc":{"start":{"line":328,"column":4},"end":{"line":330,"column":null}},"type":"if","locations":[{"start":{"line":328,"column":4},"end":{"line":330,"column":null}},{"start":{},"end":{}}],"line":328},"50":{"loc":{"start":{"line":329,"column":35},"end":{"line":329,"column":null}},"type":"binary-expr","locations":[{"start":{"line":329,"column":35},"end":{"line":329,"column":66}},{"start":{"line":329,"column":66},"end":{"line":329,"column":null}}],"line":329},"51":{"loc":{"start":{"line":332,"column":4},"end":{"line":342,"column":null}},"type":"if","locations":[{"start":{"line":332,"column":4},"end":{"line":342,"column":null}},{"start":{},"end":{}}],"line":332},"52":{"loc":{"start":{"line":334,"column":6},"end":{"line":341,"column":null}},"type":"if","locations":[{"start":{"line":334,"column":6},"end":{"line":341,"column":null}},{"start":{"line":336,"column":13},"end":{"line":341,"column":null}}],"line":334},"53":{"loc":{"start":{"line":337,"column":8},"end":{"line":339,"column":null}},"type":"if","locations":[{"start":{"line":337,"column":8},"end":{"line":339,"column":null}},{"start":{},"end":{}}],"line":337},"54":{"loc":{"start":{"line":357,"column":4},"end":{"line":359,"column":null}},"type":"if","locations":[{"start":{"line":357,"column":4},"end":{"line":359,"column":null}},{"start":{},"end":{}}],"line":357},"55":{"loc":{"start":{"line":360,"column":4},"end":{"line":362,"column":null}},"type":"if","locations":[{"start":{"line":360,"column":4},"end":{"line":362,"column":null}},{"start":{},"end":{}}],"line":360},"56":{"loc":{"start":{"line":372,"column":8},"end":{"line":374,"column":null}},"type":"binary-expr","locations":[{"start":{"line":372,"column":8},"end":{"line":372,"column":null}},{"start":{"line":373,"column":8},"end":{"line":373,"column":null}},{"start":{"line":374,"column":8},"end":{"line":374,"column":null}}],"line":372}},"s":{"0":3,"1":12,"2":3,"3":9,"4":6,"5":3,"6":1,"7":2,"8":2,"9":0,"10":3,"11":11,"12":3,"13":3,"14":1,"15":3,"16":3,"17":0,"18":3,"19":3,"20":3,"21":3,"22":3,"23":3,"24":3,"25":1,"26":2,"27":3,"28":1,"29":1,"30":1,"31":1,"32":4,"33":4,"34":4,"35":4,"36":1,"37":1,"38":0,"39":1,"40":0,"41":0,"42":2,"43":2,"44":0,"45":2,"46":1,"47":1,"48":1,"49":1,"50":1,"51":0,"52":1,"53":0,"54":1,"55":1,"56":0,"57":1,"58":1,"59":2,"60":0,"61":2,"62":2,"63":2,"64":0,"65":2,"66":2,"67":0,"68":2,"69":0,"70":2,"71":1,"72":1,"73":0,"74":0,"75":1,"76":0,"77":1,"78":1,"79":0,"80":1,"81":0,"82":1,"83":1,"84":0,"85":1,"86":0,"87":1,"88":1,"89":1,"90":2,"91":2,"92":0,"93":2,"94":1,"95":1,"96":0,"97":1,"98":0,"99":1,"100":1,"101":1,"102":0,"103":1,"104":1,"105":0,"106":1,"107":0,"108":1,"109":0,"110":0,"111":0,"112":0,"113":0,"114":0,"115":1,"116":1,"117":1,"118":1,"119":1,"120":0,"121":0,"122":0,"123":0,"124":1,"125":1,"126":1,"127":3,"128":1,"129":1,"130":2,"131":2,"132":1},"f":{"0":12,"1":11,"2":3,"3":1,"4":3,"5":3,"6":3,"7":1,"8":1,"9":4,"10":4,"11":4,"12":4,"13":1,"14":0,"15":2,"16":1,"17":2,"18":0,"19":1,"20":2,"21":1,"22":1,"23":3},"b":{"0":[3,9],"1":[6,3],"2":[1,5],"3":[1,2],"4":[2,0],"5":[2,0],"6":[11,5],"7":[11,3],"8":[11,5],"9":[3,2],"10":[3,2],"11":[3,2],"12":[3,2],"13":[1,0],"14":[0,3],"15":[3,3],"16":[0,3],"17":[1,2],"18":[3,2],"19":[0,1],"20":[0,2],"21":[1,1],"22":[1,0],"23":[0,1],"24":[0,1],"25":[0,1],"26":[0,2],"27":[2,2],"28":[0,2],"29":[0,0],"30":[2,0],"31":[0,2],"32":[0,2],"33":[1,1],"34":[0,0],"35":[0,1],"36":[0,1],"37":[0,1],"38":[0,1],"39":[0,1],"40":[0,2],"41":[1,1],"42":[0,1],"43":[0,1],"44":[1,0],"45":[1,0],"46":[0,1],"47":[0,1],"48":[0,0],"49":[0,1],"50":[0,0],"51":[0,1],"52":[0,0],"53":[0,0],"54":[1,0],"55":[0,0],"56":[3,3,3]},"meta":{"lastBranch":57,"lastFunction":24,"lastStatement":133,"seen":{"s:52:33:74:Infinity":0,"f:52:33:52:Infinity":0,"b:57:2:59:Infinity:undefined:undefined:undefined:undefined":0,"s:57:2:59:Infinity":1,"s:58:4:58:Infinity":2,"b:61:2:63:Infinity:undefined:undefined:undefined:undefined":1,"s:61:2:63:Infinity":3,"s:62:4:62:Infinity":4,"b:62:32:62:51:62:51:62:Infinity":2,"b:65:2:67:Infinity:undefined:undefined:undefined:undefined":3,"s:65:2:67:Infinity":5,"s:66:4:66:Infinity":6,"b:69:2:71:Infinity:undefined:undefined:undefined:undefined":4,"s:69:2:71:Infinity":7,"s:70:4:70:Infinity":8,"b:70:35:70:49:70:49:70:Infinity":5,"s:73:2:73:Infinity":9,"s:76:23:91:Infinity":10,"f:76:23:76:24":1,"s:76:52:91:Infinity":11,"b:79:15:79:35:79:35:79:Infinity":6,"b:80:13:80:31:80:31:80:Infinity":7,"b:81:15:81:42:81:42:81:Infinity":8,"s:93:22:106:Infinity":12,"f:93:22:93:23":2,"s:93:50:106:Infinity":13,"b:95:19:95:43:95:43:95:Infinity":9,"b:96:22:96:49:96:49:96:Infinity":10,"b:97:19:97:43:97:43:97:Infinity":11,"b:98:16:98:41:98:41:98:45":12,"f:98:49:98:50":3,"s:98:71:105:4":14,"b:102:38:102:69:102:69:102:Infinity":13,"s:108:18:115:Infinity":15,"f:108:18:108:19":4,"b:109:2:111:Infinity:undefined:undefined:undefined:undefined":14,"s:109:2:111:Infinity":16,"b:109:6:109:35:109:35:109:62":15,"s:110:4:110:Infinity":17,"s:113:15:113:Infinity":18,"s:114:2:114:Infinity":19,"b:114:40:114:47:114:47:114:Infinity":16,"s:117:19:119:Infinity":20,"f:117:19:117:20":5,"s:118:2:118:Infinity":21,"s:121:27:127:Infinity":22,"f:121:27:121:34":6,"s:122:17:122:Infinity":23,"b:123:2:125:Infinity:undefined:undefined:undefined:undefined":17,"s:123:2:125:Infinity":24,"b:123:6:123:17:123:17:123:45":18,"s:124:4:124:Infinity":25,"s:126:2:126:Infinity":26,"s:129:27:392:Infinity":27,"f:130:15:130:22":7,"s:131:18:131:Infinity":28,"s:132:4:132:Infinity":29,"f:135:18:135:30":8,"s:136:18:136:Infinity":30,"s:137:4:142:Infinity":31,"f:138:25:138:26":9,"s:138:35:138:57":32,"f:139:32:139:33":10,"s:139:42:139:71":33,"f:140:30:140:31":11,"s:140:40:140:67":34,"f:141:25:141:26":12,"s:141:35:141:57":35,"f:145:15:145:22":13,"s:146:17:146:Infinity":36,"b:147:4:149:Infinity:undefined:undefined:undefined:undefined":19,"s:147:4:149:Infinity":37,"s:148:6:148:Infinity":38,"s:150:4:150:Infinity":39,"f:153:18:153:30":14,"s:154:18:154:Infinity":40,"s:155:4:155:Infinity":41,"f:158:15:158:22":15,"s:159:17:159:Infinity":42,"b:160:4:162:Infinity:undefined:undefined:undefined:undefined":20,"s:160:4:162:Infinity":43,"s:161:6:161:Infinity":44,"b:163:4:165:Infinity:undefined:undefined:undefined:undefined":21,"s:163:4:165:Infinity":45,"s:164:6:164:Infinity":46,"s:167:20:171:Infinity":47,"b:170:23:170:55:170:55:170:Infinity":22,"s:172:4:172:Infinity":48,"f:175:14:175:21":16,"s:176:17:176:Infinity":49,"b:177:4:179:Infinity:undefined:undefined:undefined:undefined":23,"s:177:4:179:Infinity":50,"s:178:6:178:Infinity":51,"b:180:4:182:Infinity:undefined:undefined:undefined:undefined":24,"s:180:4:182:Infinity":52,"s:181:6:181:Infinity":53,"s:184:21:184:Infinity":54,"b:185:4:187:Infinity:undefined:undefined:undefined:undefined":25,"s:185:4:187:Infinity":55,"s:186:6:186:Infinity":56,"s:189:20:197:Infinity":57,"s:198:4:198:Infinity":58,"f:201:14:201:21":17,"b:213:4:215:Infinity:undefined:undefined:undefined:undefined":26,"s:213:4:215:Infinity":59,"b:213:8:213:23:213:23:213:55":27,"s:214:6:214:Infinity":60,"s:217:16:217:Infinity":61,"s:218:20:218:Infinity":62,"s:220:28:227:Infinity":63,"b:220:47:227:8:227:8:227:Infinity":28,"f:221:35:221:43":18,"s:221:43:226:8":64,"b:224:19:224:36:224:36:224:Infinity":29,"b:229:4:247:Infinity:undefined:undefined:undefined:undefined":30,"s:229:4:247:Infinity":65,"b:230:6:232:Infinity:undefined:undefined:undefined:undefined":31,"s:230:6:232:Infinity":66,"s:231:8:231:Infinity":67,"b:233:6:235:Infinity:undefined:undefined:undefined:undefined":32,"s:233:6:235:Infinity":68,"s:234:8:234:Infinity":69,"s:236:6:236:Infinity":70,"s:237:19:245:Infinity":71,"b:239:21:239:49:239:49:239:Infinity":33,"s:246:6:246:Infinity":72,"s:249:17:254:Infinity":73,"b:251:19:251:47:251:47:251:Infinity":34,"s:255:4:255:Infinity":74,"f:258:14:258:21":19,"b:259:4:261:Infinity:undefined:undefined:undefined:undefined":35,"s:259:4:261:Infinity":75,"s:260:6:260:Infinity":76,"s:262:20:262:Infinity":77,"b:263:4:265:Infinity:undefined:undefined:undefined:undefined":36,"s:263:4:265:Infinity":78,"s:264:6:264:Infinity":79,"b:266:4:268:Infinity:undefined:undefined:undefined:undefined":37,"s:266:4:268:Infinity":80,"s:267:6:267:Infinity":81,"s:270:17:270:Infinity":82,"b:271:4:273:Infinity:undefined:undefined:undefined:undefined":38,"s:271:4:273:Infinity":83,"s:272:6:272:Infinity":84,"b:274:4:276:Infinity:undefined:undefined:undefined:undefined":39,"s:274:4:276:Infinity":85,"s:275:6:275:Infinity":86,"s:278:4:278:Infinity":87,"s:279:20:284:Infinity":88,"s:285:4:285:Infinity":89,"f:288:14:288:21":20,"s:295:17:295:Infinity":90,"b:296:4:298:Infinity:undefined:undefined:undefined:undefined":40,"s:296:4:298:Infinity":91,"s:297:6:297:Infinity":92,"b:300:4:302:Infinity:undefined:undefined:undefined:undefined":41,"s:300:4:302:Infinity":93,"s:301:6:301:Infinity":94,"b:303:4:305:Infinity:undefined:undefined:undefined:undefined":42,"s:303:4:305:Infinity":95,"s:304:6:304:Infinity":96,"b:306:4:308:Infinity:undefined:undefined:undefined:undefined":43,"s:306:4:308:Infinity":97,"b:306:8:306:41:306:41:306:69":44,"s:307:6:307:Infinity":98,"s:315:8:315:Infinity":99,"b:317:4:322:Infinity:undefined:undefined:undefined:undefined":45,"s:317:4:322:Infinity":100,"b:318:6:320:Infinity:undefined:undefined:undefined:undefined":46,"s:318:6:320:Infinity":101,"s:319:8:319:Infinity":102,"s:321:6:321:Infinity":103,"b:324:4:326:Infinity:undefined:undefined:undefined:undefined":47,"s:324:4:326:Infinity":104,"s:325:6:325:Infinity":105,"b:325:31:325:58:325:58:325:Infinity":48,"b:328:4:330:Infinity:undefined:undefined:undefined:undefined":49,"s:328:4:330:Infinity":106,"s:329:6:329:Infinity":107,"b:329:35:329:66:329:66:329:Infinity":50,"b:332:4:342:Infinity:undefined:undefined:undefined:undefined":51,"s:332:4:342:Infinity":108,"s:333:22:333:Infinity":109,"b:334:6:341:Infinity:336:13:341:Infinity":52,"s:334:6:341:Infinity":110,"s:335:8:335:Infinity":111,"b:337:8:339:Infinity:undefined:undefined:undefined:undefined":53,"s:337:8:339:Infinity":112,"s:338:10:338:Infinity":113,"s:340:8:340:Infinity":114,"s:344:24:347:Infinity":115,"s:349:4:352:Infinity":116,"f:355:14:355:21":21,"s:356:17:356:Infinity":117,"b:357:4:359:Infinity:undefined:undefined:undefined:undefined":54,"s:357:4:359:Infinity":118,"s:358:6:358:Infinity":119,"b:360:4:362:Infinity:undefined:undefined:undefined:undefined":55,"s:360:4:362:Infinity":120,"s:361:6:361:Infinity":121,"s:363:4:363:Infinity":122,"s:364:4:364:Infinity":123,"f:367:25:367:37":22,"s:368:16:368:Infinity":124,"s:369:21:369:Infinity":125,"s:370:25:375:Infinity":126,"f:371:6:371:7":23,"s:372:8:374:Infinity":127,"b:372:8:372:Infinity:373:8:373:Infinity:374:8:374:Infinity":56,"s:377:32:377:Infinity":128,"s:378:4:384:Infinity":129,"s:379:6:382:Infinity":130,"s:383:6:383:Infinity":131,"s:386:4:390:Infinity":132},"fnNames":{}}}
}
